
Showing logs for build [32mcb-kubecd-environment-pr-208-37-48dtr-1[0m stage [32mfrom-build-pack[0m and container [32mstep-credential-initializer-2mbmv[0m
{"level":"info","ts":1587686233.7115185,"logger":"fallback-logger","caller":"logging/config.go:69","msg":"Fetch GitHub commit ID from kodata failed: open /var/run/ko/refs/heads/0.8.0-ns-support: no such file or directory"}
{"level":"info","ts":1587686233.7122836,"logger":"fallback-logger","caller":"creds-init/main.go:40","msg":"Credentials initialized."}

Showing logs for build [32mcb-kubecd-environment-pr-208-37-48dtr-1[0m stage [32mfrom-build-pack[0m and container [32mstep-working-dir-initializer-7rh2f[0m
{"level":"info","ts":1587686234.3746014,"logger":"fallback-logger","caller":"logging/config.go:69","msg":"Fetch GitHub commit ID from kodata failed: open /var/run/ko/HEAD: no such file or directory"}
{"level":"info","ts":1587686234.3787296,"logger":"fallback-logger","caller":"bash/main.go:64","msg":"Successfully executed command \"sh -c mkdir -p /workspace/source\"; output "}

Showing logs for build [32mcb-kubecd-environment-pr-208-37-48dtr-1[0m stage [32mfrom-build-pack[0m and container [32mstep-place-tools[0m

Showing logs for build [32mcb-kubecd-environment-pr-208-37-48dtr-1[0m stage [32mfrom-build-pack[0m and container [32mstep-git-source-cb-kubecd-environment-pr-208-37-48dtr-kqhn6[0m
{"level":"info","ts":1587686238.5617175,"logger":"fallback-logger","caller":"logging/config.go:69","msg":"Fetch GitHub commit ID from kodata failed: open /var/run/ko/refs/heads/0.8.0-ns-support: no such file or directory"}
{"level":"info","ts":1587686239.6634042,"logger":"fallback-logger","caller":"git/git.go:103","msg":"Successfully cloned https://github.com/cb-kubecd/environment-pr-208-37-boot-gke-staging.git @ master in path /workspace/source"}

Showing logs for build [32mcb-kubecd-environment-pr-208-37-48dtr-1[0m stage [32mfrom-build-pack[0m and container [32mstep-git-merge[0m
Using SHAs from PULL_REFS=master:cf49748b66750b4c753e52db1f09df449ed633b2,8:302c1f79e9367ba49fa713ec274ed1dcdb3a913c
DEBUG: LC_ALL=C JX_LOG_LEVEL=error git fetch origin --unshallow 302c1f79e9367ba49fa713ec274ed1dcdb3a913c: cf49748b66750b4c753e52db1f09df449ed633b2:
DEBUG: ran git fetch --unshallow origin 302c1f79e9367ba49fa713ec274ed1dcdb3a913c: cf49748b66750b4c753e52db1f09df449ed633b2: in 
DEBUG: LC_ALL=C JX_LOG_LEVEL=error git branch
DEBUG: LC_ALL=C JX_LOG_LEVEL=error git checkout master
DEBUG: ran git checkout master in 
DEBUG: LC_ALL=C JX_LOG_LEVEL=error git reset --hard cf49748b66750b4c753e52db1f09df449ed633b2
DEBUG: ran git reset --hard cf49748b66750b4c753e52db1f09df449ed633b2 in 
DEBUG: LC_ALL=C JX_LOG_LEVEL=error git clean -fd .
DEBUG: ran clean --force -d . in 
DEBUG: LC_ALL=C JX_LOG_LEVEL=error git merge 302c1f79e9367ba49fa713ec274ed1dcdb3a913c
DEBUG: ran git merge 302c1f79e9367ba49fa713ec274ed1dcdb3a913c in 
DEBUG: LC_ALL=C JX_LOG_LEVEL=error git log --format=%H%x1f%an%x1f%ae%x1f%cn%x1f%ce%x1f%s%n%b%x1e cf49748b66750b4c753e52db1f09df449ed633b2..HEAD
Merged SHA 302c1f79e9367ba49fa713ec274ed1dcdb3a913c with commit message 'chore: Promote bdd-nh-import-1587684506 to version 0.0.1' into base branch master

Showing logs for build [32mcb-kubecd-environment-pr-208-37-48dtr-1[0m stage [32mfrom-build-pack[0m and container [32mstep-build-helm-build[0m
WARNING: No $CHART_REPOSITORY defined so using the default value of: http://jenkins-x-chartmuseum:8080
Adding missing Helm repo: storage.googleapis.com https://storage.googleapis.com/chartmuseum.jenkins-x.io
WARNING: No secrets found on "helm/repos" due: reading the secret "helm/repos" from vault: no secret "helm/repos" not found in vault
Read credentials for https://storage.googleapis.com/chartmuseum.jenkins-x.io from vault helm/repos
Successfully added Helm repository storage.googleapis.com.
Adding missing Helm repo: jenkins-x-chartmuseum http://jenkins-x-chartmuseum:8080
WARNING: No secrets found on "helm/repos" due: reading the secret "helm/repos" from vault: no secret "helm/repos" not found in vault
Read credentials for http://jenkins-x-chartmuseum:8080 from vault helm/repos
Successfully added Helm repository jenkins-x-chartmuseum.
WARNING: No $CHART_REPOSITORY defined so using the default value of: http://jenkins-x-chartmuseum:8080
Adding missing Helm repo: chartmuseum.jenkins-x.io http://chartmuseum.jenkins-x.io
WARNING: No secrets found on "helm/repos" due: reading the secret "helm/repos" from vault: no secret "helm/repos" not found in vault
Read credentials for http://chartmuseum.jenkins-x.io from vault helm/repos
Successfully added Helm repository chartmuseum.jenkins-x.io.
