
Showing logs for build [32mcb-kubecd-environment-pr-208-37-zqs4v-1[0m stage [32mfrom-build-pack[0m and container [32mstep-credential-initializer-mgz2c[0m
{"level":"info","ts":1587684779.4675093,"logger":"fallback-logger","caller":"logging/config.go:69","msg":"Fetch GitHub commit ID from kodata failed: open /var/run/ko/refs/heads/0.8.0-ns-support: no such file or directory"}
{"level":"info","ts":1587684779.4682615,"logger":"fallback-logger","caller":"creds-init/main.go:40","msg":"Credentials initialized."}

Showing logs for build [32mcb-kubecd-environment-pr-208-37-zqs4v-1[0m stage [32mfrom-build-pack[0m and container [32mstep-working-dir-initializer-fvc8w[0m
{"level":"info","ts":1587684780.478171,"logger":"fallback-logger","caller":"logging/config.go:69","msg":"Fetch GitHub commit ID from kodata failed: open /var/run/ko/HEAD: no such file or directory"}
{"level":"info","ts":1587684780.4825964,"logger":"fallback-logger","caller":"bash/main.go:64","msg":"Successfully executed command \"sh -c mkdir -p /workspace/source\"; output "}

Showing logs for build [32mcb-kubecd-environment-pr-208-37-zqs4v-1[0m stage [32mfrom-build-pack[0m and container [32mstep-place-tools[0m

Showing logs for build [32mcb-kubecd-environment-pr-208-37-zqs4v-1[0m stage [32mfrom-build-pack[0m and container [32mstep-git-source-cb-kubecd-environment-pr-208-37-zqs4v-96fzh[0m
{"level":"info","ts":1587684784.95267,"logger":"fallback-logger","caller":"logging/config.go:69","msg":"Fetch GitHub commit ID from kodata failed: open /var/run/ko/refs/heads/0.8.0-ns-support: no such file or directory"}
{"level":"info","ts":1587684786.066464,"logger":"fallback-logger","caller":"git/git.go:103","msg":"Successfully cloned https://github.com/cb-kubecd/environment-pr-208-37-boot-gke-staging.git @ master in path /workspace/source"}

Showing logs for build [32mcb-kubecd-environment-pr-208-37-zqs4v-1[0m stage [32mfrom-build-pack[0m and container [32mstep-git-merge[0m
Using SHAs from PULL_REFS=master:ac44d8e4e2d1886dae325c4113c13a3c3a32d9ff,5:050e7003461ec37eb83af05ad44cf5e1dc4d8822
DEBUG: LC_ALL=C JX_LOG_LEVEL=error git fetch origin --unshallow 050e7003461ec37eb83af05ad44cf5e1dc4d8822: ac44d8e4e2d1886dae325c4113c13a3c3a32d9ff:
DEBUG: ran git fetch --unshallow origin 050e7003461ec37eb83af05ad44cf5e1dc4d8822: ac44d8e4e2d1886dae325c4113c13a3c3a32d9ff: in 
DEBUG: LC_ALL=C JX_LOG_LEVEL=error git branch
DEBUG: LC_ALL=C JX_LOG_LEVEL=error git checkout master
DEBUG: ran git checkout master in 
DEBUG: JX_LOG_LEVEL=error LC_ALL=C git reset --hard ac44d8e4e2d1886dae325c4113c13a3c3a32d9ff
DEBUG: ran git reset --hard ac44d8e4e2d1886dae325c4113c13a3c3a32d9ff in 
DEBUG: LC_ALL=C JX_LOG_LEVEL=error git clean -fd .
DEBUG: ran clean --force -d . in 
DEBUG: LC_ALL=C JX_LOG_LEVEL=error git merge 050e7003461ec37eb83af05ad44cf5e1dc4d8822
DEBUG: ran git merge 050e7003461ec37eb83af05ad44cf5e1dc4d8822 in 
DEBUG: LC_ALL=C JX_LOG_LEVEL=error git log --format=%H%x1f%an%x1f%ae%x1f%cn%x1f%ce%x1f%s%n%b%x1e ac44d8e4e2d1886dae325c4113c13a3c3a32d9ff..HEAD
Merged SHA 050e7003461ec37eb83af05ad44cf5e1dc4d8822 with commit message 'chore: Promote bdd-sbhg-import-1587684506 to version 0.0.1' into base branch master

Showing logs for build [32mcb-kubecd-environment-pr-208-37-zqs4v-1[0m stage [32mfrom-build-pack[0m and container [32mstep-build-helm-build[0m
WARNING: No $CHART_REPOSITORY defined so using the default value of: http://jenkins-x-chartmuseum:8080
Adding missing Helm repo: storage.googleapis.com https://storage.googleapis.com/chartmuseum.jenkins-x.io
WARNING: No secrets found on "helm/repos" due: reading the secret "helm/repos" from vault: no secret "helm/repos" not found in vault
Read credentials for https://storage.googleapis.com/chartmuseum.jenkins-x.io from vault helm/repos
Successfully added Helm repository storage.googleapis.com.
Adding missing Helm repo: jenkins-x-chartmuseum http://jenkins-x-chartmuseum:8080
WARNING: No secrets found on "helm/repos" due: reading the secret "helm/repos" from vault: no secret "helm/repos" not found in vault
Read credentials for http://jenkins-x-chartmuseum:8080 from vault helm/repos
Successfully added Helm repository jenkins-x-chartmuseum.
WARNING: No $CHART_REPOSITORY defined so using the default value of: http://jenkins-x-chartmuseum:8080
Adding missing Helm repo: chartmuseum.jenkins-x.io http://chartmuseum.jenkins-x.io
WARNING: No secrets found on "helm/repos" due: reading the secret "helm/repos" from vault: no secret "helm/repos" not found in vault
Read credentials for http://chartmuseum.jenkins-x.io from vault helm/repos
Successfully added Helm repository chartmuseum.jenkins-x.io.
