
Showing logs for build [32mcb-kubecd-environment-pr-208-37-wh8rq-1[0m stage [32mfrom-build-pack[0m and container [32mstep-credential-initializer-b65hd[0m
{"level":"info","ts":1587685285.1523926,"logger":"fallback-logger","caller":"logging/config.go:69","msg":"Fetch GitHub commit ID from kodata failed: open /var/run/ko/refs/heads/0.8.0-ns-support: no such file or directory"}
{"level":"info","ts":1587685285.1529775,"logger":"fallback-logger","caller":"creds-init/main.go:40","msg":"Credentials initialized."}

Showing logs for build [32mcb-kubecd-environment-pr-208-37-wh8rq-1[0m stage [32mfrom-build-pack[0m and container [32mstep-working-dir-initializer-2qx5q[0m
{"level":"info","ts":1587685286.050358,"logger":"fallback-logger","caller":"logging/config.go:69","msg":"Fetch GitHub commit ID from kodata failed: open /var/run/ko/HEAD: no such file or directory"}
{"level":"info","ts":1587685286.0535545,"logger":"fallback-logger","caller":"bash/main.go:64","msg":"Successfully executed command \"sh -c mkdir -p /workspace/source\"; output "}

Showing logs for build [32mcb-kubecd-environment-pr-208-37-wh8rq-1[0m stage [32mfrom-build-pack[0m and container [32mstep-place-tools[0m

Showing logs for build [32mcb-kubecd-environment-pr-208-37-wh8rq-1[0m stage [32mfrom-build-pack[0m and container [32mstep-git-source-cb-kubecd-environment-pr-208-37-wh8rq-pdtfd[0m
{"level":"info","ts":1587685291.2526112,"logger":"fallback-logger","caller":"logging/config.go:69","msg":"Fetch GitHub commit ID from kodata failed: open /var/run/ko/refs/heads/0.8.0-ns-support: no such file or directory"}
{"level":"info","ts":1587685292.2974372,"logger":"fallback-logger","caller":"git/git.go:103","msg":"Successfully cloned https://github.com/cb-kubecd/environment-pr-208-37-boot-gke-staging.git @ master in path /workspace/source"}

Showing logs for build [32mcb-kubecd-environment-pr-208-37-wh8rq-1[0m stage [32mfrom-build-pack[0m and container [32mstep-git-merge[0m
Using SHAs from PULL_REFS=master:08019d5fbf60a2acc489adbd67cbd60c0db9b64b,6:bc038c5a441ace6273418fb6a8e74eb127214d63
DEBUG: LC_ALL=C JX_LOG_LEVEL=error git fetch origin --unshallow bc038c5a441ace6273418fb6a8e74eb127214d63: 08019d5fbf60a2acc489adbd67cbd60c0db9b64b:
DEBUG: ran git fetch --unshallow origin bc038c5a441ace6273418fb6a8e74eb127214d63: 08019d5fbf60a2acc489adbd67cbd60c0db9b64b: in 
DEBUG: LC_ALL=C JX_LOG_LEVEL=error git branch
DEBUG: LC_ALL=C JX_LOG_LEVEL=error git checkout master
DEBUG: ran git checkout master in 
DEBUG: LC_ALL=C JX_LOG_LEVEL=error git reset --hard 08019d5fbf60a2acc489adbd67cbd60c0db9b64b
DEBUG: ran git reset --hard 08019d5fbf60a2acc489adbd67cbd60c0db9b64b in 
DEBUG: LC_ALL=C JX_LOG_LEVEL=error git clean -fd .
DEBUG: ran clean --force -d . in 
DEBUG: LC_ALL=C JX_LOG_LEVEL=error git merge bc038c5a441ace6273418fb6a8e74eb127214d63
DEBUG: ran git merge bc038c5a441ace6273418fb6a8e74eb127214d63 in 
DEBUG: LC_ALL=C JX_LOG_LEVEL=error git log --format=%H%x1f%an%x1f%ae%x1f%cn%x1f%ce%x1f%s%n%b%x1e 08019d5fbf60a2acc489adbd67cbd60c0db9b64b..HEAD
Merged SHA bc038c5a441ace6273418fb6a8e74eb127214d63 with commit message 'chore: Promote bdd-ghf**y-import-1587684506 to version 0.0.1' into base branch master

Showing logs for build [32mcb-kubecd-environment-pr-208-37-wh8rq-1[0m stage [32mfrom-build-pack[0m and container [32mstep-build-helm-build[0m
WARNING: No $CHART_REPOSITORY defined so using the default value of: http://jenkins-x-chartmuseum:8080
Adding missing Helm repo: storage.googleapis.com https://storage.googleapis.com/chartmuseum.jenkins-x.io
WARNING: No secrets found on "helm/repos" due: reading the secret "helm/repos" from vault: no secret "helm/repos" not found in vault
Read credentials for https://storage.googleapis.com/chartmuseum.jenkins-x.io from vault helm/repos
Successfully added Helm repository storage.googleapis.com.
Adding missing Helm repo: jenkins-x-chartmuseum http://jenkins-x-chartmuseum:8080
WARNING: No secrets found on "helm/repos" due: reading the secret "helm/repos" from vault: no secret "helm/repos" not found in vault
Read credentials for http://jenkins-x-chartmuseum:8080 from vault helm/repos
Successfully added Helm repository jenkins-x-chartmuseum.
WARNING: No $CHART_REPOSITORY defined so using the default value of: http://jenkins-x-chartmuseum:8080
Adding missing Helm repo: chartmuseum.jenkins-x.io http://chartmuseum.jenkins-x.io
WARNING: No secrets found on "helm/repos" due: reading the secret "helm/repos" from vault: no secret "helm/repos" not found in vault
Read credentials for http://chartmuseum.jenkins-x.io from vault helm/repos
Successfully added Helm repository chartmuseum.jenkins-x.io.
