
Showing logs for build [32mcb-kubecd-environment-pr-208-37-w8w8l-1[0m stage [32mfrom-build-pack[0m and container [32mstep-credential-initializer-xm6x2[0m
{"level":"info","ts":1587682567.2810035,"logger":"fallback-logger","caller":"logging/config.go:69","msg":"Fetch GitHub commit ID from kodata failed: open /var/run/ko/refs/heads/0.8.0-ns-support: no such file or directory"}
{"level":"info","ts":1587682567.281968,"logger":"fallback-logger","caller":"creds-init/main.go:40","msg":"Credentials initialized."}

Showing logs for build [32mcb-kubecd-environment-pr-208-37-w8w8l-1[0m stage [32mfrom-build-pack[0m and container [32mstep-working-dir-initializer-bf6qj[0m
{"level":"info","ts":1587682568.8526757,"logger":"fallback-logger","caller":"logging/config.go:69","msg":"Fetch GitHub commit ID from kodata failed: open /var/run/ko/HEAD: no such file or directory"}
{"level":"info","ts":1587682568.8571308,"logger":"fallback-logger","caller":"bash/main.go:64","msg":"Successfully executed command \"sh -c mkdir -p /workspace/source\"; output "}

Showing logs for build [32mcb-kubecd-environment-pr-208-37-w8w8l-1[0m stage [32mfrom-build-pack[0m and container [32mstep-place-tools[0m

Showing logs for build [32mcb-kubecd-environment-pr-208-37-w8w8l-1[0m stage [32mfrom-build-pack[0m and container [32mstep-git-source-cb-kubecd-environment-pr-208-37-w8w8l-csx2h[0m
{"level":"info","ts":1587682571.8292353,"logger":"fallback-logger","caller":"logging/config.go:69","msg":"Fetch GitHub commit ID from kodata failed: open /var/run/ko/refs/heads/0.8.0-ns-support: no such file or directory"}
{"level":"info","ts":1587682572.918116,"logger":"fallback-logger","caller":"git/git.go:103","msg":"Successfully cloned https://github.com/cb-kubecd/environment-pr-208-37-boot-gke-staging.git @ master in path /workspace/source"}

Showing logs for build [32mcb-kubecd-environment-pr-208-37-w8w8l-1[0m stage [32mfrom-build-pack[0m and container [32mstep-git-merge[0m
Using SHAs from PULL_REFS=master:d23b6cfd27ac1e1f5074d8b102de52fdacbadbf7,2:c1267ef68c664cdb3eb4346a2e8d576736ff7d2f
DEBUG: LC_ALL=C JX_LOG_LEVEL=error git fetch origin --unshallow c1267ef68c664cdb3eb4346a2e8d576736ff7d2f: d23b6cfd27ac1e1f5074d8b102de52fdacbadbf7:
DEBUG: ran git fetch --unshallow origin c1267ef68c664cdb3eb4346a2e8d576736ff7d2f: d23b6cfd27ac1e1f5074d8b102de52fdacbadbf7: in 
DEBUG: LC_ALL=C JX_LOG_LEVEL=error git branch
DEBUG: LC_ALL=C JX_LOG_LEVEL=error git checkout master
DEBUG: ran git checkout master in 
DEBUG: LC_ALL=C JX_LOG_LEVEL=error git reset --hard d23b6cfd27ac1e1f5074d8b102de52fdacbadbf7
DEBUG: ran git reset --hard d23b6cfd27ac1e1f5074d8b102de52fdacbadbf7 in 
DEBUG: JX_LOG_LEVEL=error LC_ALL=C git clean -fd .
DEBUG: ran clean --force -d . in 
DEBUG: LC_ALL=C JX_LOG_LEVEL=error git merge c1267ef68c664cdb3eb4346a2e8d576736ff7d2f
DEBUG: ran git merge c1267ef68c664cdb3eb4346a2e8d576736ff7d2f in 
DEBUG: LC_ALL=C JX_LOG_LEVEL=error git log --format=%H%x1f%an%x1f%ae%x1f%cn%x1f%ce%x1f%s%n%b%x1e d23b6cfd27ac1e1f5074d8b102de52fdacbadbf7..HEAD
Merged SHA c1267ef68c664cdb3eb4346a2e8d576736ff7d2f with commit message 'chore: Promote bdd-sbhg-1587682164 to version 0.0.1' into base branch master

Showing logs for build [32mcb-kubecd-environment-pr-208-37-w8w8l-1[0m stage [32mfrom-build-pack[0m and container [32mstep-build-helm-build[0m
WARNING: No $CHART_REPOSITORY defined so using the default value of: http://jenkins-x-chartmuseum:8080
Adding missing Helm repo: storage.googleapis.com https://storage.googleapis.com/chartmuseum.jenkins-x.io
WARNING: No secrets found on "helm/repos" due: reading the secret "helm/repos" from vault: no secret "helm/repos" not found in vault
Read credentials for https://storage.googleapis.com/chartmuseum.jenkins-x.io from vault helm/repos
Successfully added Helm repository storage.googleapis.com.
Adding missing Helm repo: jenkins-x-chartmuseum http://jenkins-x-chartmuseum:8080
WARNING: No secrets found on "helm/repos" due: reading the secret "helm/repos" from vault: no secret "helm/repos" not found in vault
Read credentials for http://jenkins-x-chartmuseum:8080 from vault helm/repos
Successfully added Helm repository jenkins-x-chartmuseum.
WARNING: No $CHART_REPOSITORY defined so using the default value of: http://jenkins-x-chartmuseum:8080
Adding missing Helm repo: chartmuseum.jenkins-x.io http://chartmuseum.jenkins-x.io
WARNING: No secrets found on "helm/repos" due: reading the secret "helm/repos" from vault: no secret "helm/repos" not found in vault
Read credentials for http://chartmuseum.jenkins-x.io from vault helm/repos
Successfully added Helm repository chartmuseum.jenkins-x.io.
