
Showing logs for build [32mcb-kubecd-environment-pr-208-37-hwg9g-1[0m stage [32mfrom-build-pack[0m and container [32mstep-credential-initializer-s97p2[0m
{"level":"info","ts":1587681413.3633113,"logger":"fallback-logger","caller":"logging/config.go:69","msg":"Fetch GitHub commit ID from kodata failed: open /var/run/ko/refs/heads/0.8.0-ns-support: no such file or directory"}
{"level":"info","ts":1587681413.3642244,"logger":"fallback-logger","caller":"creds-init/main.go:40","msg":"Credentials initialized."}

Showing logs for build [32mcb-kubecd-environment-pr-208-37-hwg9g-1[0m stage [32mfrom-build-pack[0m and container [32mstep-working-dir-initializer-mtml9[0m
{"level":"info","ts":1587681414.027099,"logger":"fallback-logger","caller":"logging/config.go:69","msg":"Fetch GitHub commit ID from kodata failed: open /var/run/ko/HEAD: no such file or directory"}
{"level":"info","ts":1587681414.0291097,"logger":"fallback-logger","caller":"bash/main.go:64","msg":"Successfully executed command \"sh -c mkdir -p /workspace/source\"; output "}

Showing logs for build [32mcb-kubecd-environment-pr-208-37-hwg9g-1[0m stage [32mfrom-build-pack[0m and container [32mstep-place-tools[0m

Showing logs for build [32mcb-kubecd-environment-pr-208-37-hwg9g-1[0m stage [32mfrom-build-pack[0m and container [32mstep-git-source-cb-kubecd-environment-pr-208-37-hwg9g-xkpdg[0m
{"level":"info","ts":1587681420.1776175,"logger":"fallback-logger","caller":"logging/config.go:69","msg":"Fetch GitHub commit ID from kodata failed: open /var/run/ko/refs/heads/0.8.0-ns-support: no such file or directory"}
{"level":"info","ts":1587681421.3296645,"logger":"fallback-logger","caller":"git/git.go:103","msg":"Successfully cloned https://github.com/cb-kubecd/environment-pr-208-37-boot-gke-staging.git @ master in path /workspace/source"}

Showing logs for build [32mcb-kubecd-environment-pr-208-37-hwg9g-1[0m stage [32mfrom-build-pack[0m and container [32mstep-git-merge[0m
Using SHAs from PULL_REFS=master:a417493ccfb4c00a036a04437a55658197039f1c,1:33f61dac96c1664ea922ddf8f884a9f85d4d4b7c
DEBUG: LC_ALL=C JX_LOG_LEVEL=error git fetch origin --unshallow 33f61dac96c1664ea922ddf8f884a9f85d4d4b7c: a417493ccfb4c00a036a04437a55658197039f1c:
DEBUG: ran git fetch --unshallow origin 33f61dac96c1664ea922ddf8f884a9f85d4d4b7c: a417493ccfb4c00a036a04437a55658197039f1c: in 
DEBUG: LC_ALL=C JX_LOG_LEVEL=error git branch
DEBUG: LC_ALL=C JX_LOG_LEVEL=error git checkout master
DEBUG: ran git checkout master in 
DEBUG: LC_ALL=C JX_LOG_LEVEL=error git reset --hard a417493ccfb4c00a036a04437a55658197039f1c
DEBUG: ran git reset --hard a417493ccfb4c00a036a04437a55658197039f1c in 
DEBUG: LC_ALL=C JX_LOG_LEVEL=error git clean -fd .
DEBUG: ran clean --force -d . in 
DEBUG: LC_ALL=C JX_LOG_LEVEL=error git merge 33f61dac96c1664ea922ddf8f884a9f85d4d4b7c
DEBUG: ran git merge 33f61dac96c1664ea922ddf8f884a9f85d4d4b7c in 
DEBUG: JX_LOG_LEVEL=error LC_ALL=C git log --format=%H%x1f%an%x1f%ae%x1f%cn%x1f%ce%x1f%s%n%b%x1e a417493ccfb4c00a036a04437a55658197039f1c..HEAD
Merged SHA 33f61dac96c1664ea922ddf8f884a9f85d4d4b7c with commit message 'chore: Promote bdd-spring-1587681030 to version 0.0.1' into base branch master

Showing logs for build [32mcb-kubecd-environment-pr-208-37-hwg9g-1[0m stage [32mfrom-build-pack[0m and container [32mstep-build-helm-build[0m
WARNING: No $CHART_REPOSITORY defined so using the default value of: http://jenkins-x-chartmuseum:8080
Adding missing Helm repo: storage.googleapis.com https://storage.googleapis.com/chartmuseum.jenkins-x.io
WARNING: No secrets found on "helm/repos" due: reading the secret "helm/repos" from vault: no secret "helm/repos" not found in vault
Read credentials for https://storage.googleapis.com/chartmuseum.jenkins-x.io from vault helm/repos
Successfully added Helm repository storage.googleapis.com.
Adding missing Helm repo: jenkins-x-chartmuseum http://jenkins-x-chartmuseum:8080
WARNING: No secrets found on "helm/repos" due: reading the secret "helm/repos" from vault: no secret "helm/repos" not found in vault
Read credentials for http://jenkins-x-chartmuseum:8080 from vault helm/repos
Successfully added Helm repository jenkins-x-chartmuseum.
WARNING: No $CHART_REPOSITORY defined so using the default value of: http://jenkins-x-chartmuseum:8080
Adding missing Helm repo: chartmuseum.jenkins-x.io http://chartmuseum.jenkins-x.io
WARNING: No secrets found on "helm/repos" due: reading the secret "helm/repos" from vault: no secret "helm/repos" not found in vault
Read credentials for http://chartmuseum.jenkins-x.io from vault helm/repos
Successfully added Helm repository chartmuseum.jenkins-x.io.
